<?xml version="1.0" encoding="UTF-8"?>
<testng-results ignored="0" total="1" passed="1" failed="0" skipped="0">
  <reporter-output>
  </reporter-output>
  <suite started-at="2024-07-14T20:09:22 BDT" name="Default suite" finished-at="2024-07-14T20:09:48 BDT" duration-ms="25791">
    <groups>
    </groups>
    <test started-at="2024-07-14T20:09:22 BDT" name="Default test" finished-at="2024-07-14T20:09:48 BDT" duration-ms="25791">
      <class name="webauto.it.mouseaction.MouseHover">
        <test-method is-config="true" signature="startBrowser()[pri:0, instance:webauto.it.mouseaction.MouseHover@76494737]" started-at="2024-07-14T20:09:20 BDT" name="startBrowser" finished-at="2024-07-14T20:09:22 BDT" duration-ms="1285" status="PASS">
          <reporter-output>
          </reporter-output>
        </test-method> <!-- startBrowser -->
        <test-method is-config="true" signature="openurl()[pri:0, instance:webauto.it.mouseaction.MouseHover@76494737]" started-at="2024-07-14T20:09:22 BDT" name="openurl" finished-at="2024-07-14T20:09:33 BDT" duration-ms="11238" status="PASS">
          <reporter-output>
          </reporter-output>
        </test-method> <!-- openurl -->
        <test-method signature="hover()[pri:0, instance:webauto.it.mouseaction.MouseHover@76494737]" started-at="2024-07-14T20:09:33 BDT" name="hover" finished-at="2024-07-14T20:09:48 BDT" duration-ms="14521" status="PASS">
          <reporter-output>
          </reporter-output>
        </test-method> <!-- hover -->
        <test-method is-config="true" signature="closeBrowser()[pri:0, instance:webauto.it.mouseaction.MouseHover@76494737]" started-at="2024-07-14T20:09:48 BDT" name="closeBrowser" finished-at="2024-07-14T20:09:48 BDT" duration-ms="141" status="PASS">
          <reporter-output>
          </reporter-output>
        </test-method> <!-- closeBrowser -->
      </class> <!-- webauto.it.mouseaction.MouseHover -->
    </test> <!-- Default test -->
  </suite> <!-- Default suite -->
</testng-results>
