<?xml version="1.0" encoding="UTF-8"?>
<testng-results ignored="0" total="1" passed="1" failed="0" skipped="0">
  <reporter-output>
  </reporter-output>
  <suite started-at="2024-07-16T20:44:40 BDT" name="Default suite" finished-at="2024-07-16T20:45:01 BDT" duration-ms="21682">
    <groups>
    </groups>
    <test started-at="2024-07-16T20:44:40 BDT" name="Default test" finished-at="2024-07-16T20:45:01 BDT" duration-ms="21682">
      <class name="webauto.it.windowtab.WindowHandling">
        <test-method is-config="true" signature="startBrowser()[pri:0, instance:webauto.it.windowtab.WindowHandling@76494737]" started-at="2024-07-16T20:44:38 BDT" name="startBrowser" finished-at="2024-07-16T20:44:40 BDT" duration-ms="1423" status="PASS">
          <reporter-output>
          </reporter-output>
        </test-method> <!-- startBrowser -->
        <test-method is-config="true" signature="upenurl()[pri:0, instance:webauto.it.windowtab.WindowHandling@76494737]" started-at="2024-07-16T20:44:40 BDT" name="upenurl" finished-at="2024-07-16T20:44:44 BDT" duration-ms="3743" status="PASS">
          <reporter-output>
          </reporter-output>
        </test-method> <!-- upenurl -->
        <test-method signature="NewTab()[pri:0, instance:webauto.it.windowtab.WindowHandling@76494737]" started-at="2024-07-16T20:44:44 BDT" name="NewTab" finished-at="2024-07-16T20:45:01 BDT" duration-ms="17901" status="PASS">
          <reporter-output>
          </reporter-output>
        </test-method> <!-- NewTab -->
        <test-method is-config="true" signature="closeBrowser()[pri:0, instance:webauto.it.windowtab.WindowHandling@76494737]" started-at="2024-07-16T20:45:02 BDT" name="closeBrowser" finished-at="2024-07-16T20:45:02 BDT" duration-ms="70" status="PASS">
          <reporter-output>
          </reporter-output>
        </test-method> <!-- closeBrowser -->
      </class> <!-- webauto.it.windowtab.WindowHandling -->
    </test> <!-- Default test -->
  </suite> <!-- Default suite -->
</testng-results>
